[2015-03-10 21:52:35] local.ERROR: exception 'PDOException' with message 'SQLSTATE[28000] [1045] Access denied for user 'homestead'@'localhost' (using password: YES)' in /home/codio/workspace/menus/vendor/laravel/framework/src/Illuminate/Database/Connectors/Connector.php:47
Stack trace:
#0 /home/codio/workspace/menus/vendor/laravel/framework/src/Illuminate/Database/Connectors/Connector.php(47): PDO->__construct('mysql:host=loca...', 'homestead', 'secret', Array)
#1 /home/codio/workspace/menus/vendor/laravel/framework/src/Illuminate/Database/Connectors/MySqlConnector.php(20): Illuminate\Database\Connectors\Connector->createConnection('mysql:host=loca...', Array, Array)
#2 /home/codio/workspace/menus/storage/framework/compiled.php(10673): Illuminate\Database\Connectors\MySqlConnector->connect(Array)
#3 /home/codio/workspace/menus/storage/framework/compiled.php(10669): Illuminate\Database\Connectors\ConnectionFactory->createSingleConnection(Array)
#4 /home/codio/workspace/menus/storage/framework/compiled.php(10587): Illuminate\Database\Connectors\ConnectionFactory->make(Array, 'mysql')
#5 /home/codio/workspace/menus/storage/framework/compiled.php(10542): Illuminate\Database\DatabaseManager->makeConnection('mysql')
#6 /home/codio/workspace/menus/vendor/laravel/framework/src/Illuminate/Database/Migrations/DatabaseMigrationRepository.php(167): Illuminate\Database\DatabaseManager->connection(NULL)
#7 /home/codio/workspace/menus/vendor/laravel/framework/src/Illuminate/Database/Migrations/DatabaseMigrationRepository.php(135): Illuminate\Database\Migrations\DatabaseMigrationRepository->getConnection()
#8 /home/codio/workspace/menus/vendor/laravel/framework/src/Illuminate/Database/Migrations/Migrator.php(371): Illuminate\Database\Migrations\DatabaseMigrationRepository->repositoryExists()
#9 /home/codio/workspace/menus/vendor/laravel/framework/src/Illuminate/Database/Console/Migrations/MigrateCommand.php(101): Illuminate\Database\Migrations\Migrator->repositoryExists()
#10 /home/codio/workspace/menus/vendor/laravel/framework/src/Illuminate/Database/Console/Migrations/MigrateCommand.php(54): Illuminate\Database\Console\Migrations\MigrateCommand->prepareDatabase()
#11 [internal function]: Illuminate\Database\Console\Migrations\MigrateCommand->fire()
#12 /home/codio/workspace/menus/storage/framework/compiled.php(925): call_user_func_array(Array, Array)
#13 /home/codio/workspace/menus/vendor/laravel/framework/src/Illuminate/Console/Command.php(115): Illuminate\Container\Container->call(Array)
#14 /home/codio/workspace/menus/vendor/symfony/console/Symfony/Component/Console/Command/Command.php(253): Illuminate\Console\Command->execute(Object(Symfony\Component\Console\Input\ArgvInput), Object(Symfony\Component\Console\Output\ConsoleOutput))
#15 /home/codio/workspace/menus/vendor/laravel/framework/src/Illuminate/Console/Command.php(101): Symfony\Component\Console\Command\Command->run(Object(Symfony\Component\Console\Input\ArgvInput), Object(Symfony\Component\Console\Output\ConsoleOutput))
#16 /home/codio/workspace/menus/vendor/symfony/console/Symfony/Component/Console/Application.php(874): Illuminate\Console\Command->run(Object(Symfony\Component\Console\Input\ArgvInput), Object(Symfony\Component\Console\Output\ConsoleOutput))
#17 /home/codio/workspace/menus/vendor/symfony/console/Symfony/Component/Console/Application.php(195): Symfony\Component\Console\Application->doRunCommand(Object(Illuminate\Database\Console\Migrations\MigrateCommand), Object(Symfony\Component\Console\Input\ArgvInput), Object(Symfony\Component\Console\Output\ConsoleOutput))
#18 /home/codio/workspace/menus/vendor/symfony/console/Symfony/Component/Console/Application.php(126): Symfony\Component\Console\Application->doRun(Object(Symfony\Component\Console\Input\ArgvInput), Object(Symfony\Component\Console\Output\ConsoleOutput))
#19 /home/codio/workspace/menus/vendor/laravel/framework/src/Illuminate/Foundation/Console/Kernel.php(90): Symfony\Component\Console\Application->run(Object(Symfony\Component\Console\Input\ArgvInput), Object(Symfony\Component\Console\Output\ConsoleOutput))
#20 /home/codio/workspace/menus/artisan(36): Illuminate\Foundation\Console\Kernel->handle(Object(Symfony\Component\Console\Input\ArgvInput), Object(Symfony\Component\Console\Output\ConsoleOutput))
#21 {main}  
[2015-03-10 21:53:33] local.ERROR: exception 'PDOException' with message 'SQLSTATE[42000] [1049] Unknown database 'menus'' in /home/codio/workspace/menus/vendor/laravel/framework/src/Illuminate/Database/Connectors/Connector.php:47
Stack trace:
#0 /home/codio/workspace/menus/vendor/laravel/framework/src/Illuminate/Database/Connectors/Connector.php(47): PDO->__construct('mysql:host=loca...', 'root', 'secret', Array)
#1 /home/codio/workspace/menus/vendor/laravel/framework/src/Illuminate/Database/Connectors/MySqlConnector.php(20): Illuminate\Database\Connectors\Connector->createConnection('mysql:host=loca...', Array, Array)
#2 /home/codio/workspace/menus/storage/framework/compiled.php(10673): Illuminate\Database\Connectors\MySqlConnector->connect(Array)
#3 /home/codio/workspace/menus/storage/framework/compiled.php(10669): Illuminate\Database\Connectors\ConnectionFactory->createSingleConnection(Array)
#4 /home/codio/workspace/menus/storage/framework/compiled.php(10587): Illuminate\Database\Connectors\ConnectionFactory->make(Array, 'mysql')
#5 /home/codio/workspace/menus/storage/framework/compiled.php(10542): Illuminate\Database\DatabaseManager->makeConnection('mysql')
#6 /home/codio/workspace/menus/vendor/laravel/framework/src/Illuminate/Database/Migrations/DatabaseMigrationRepository.php(167): Illuminate\Database\DatabaseManager->connection(NULL)
#7 /home/codio/workspace/menus/vendor/laravel/framework/src/Illuminate/Database/Migrations/DatabaseMigrationRepository.php(135): Illuminate\Database\Migrations\DatabaseMigrationRepository->getConnection()
#8 /home/codio/workspace/menus/vendor/laravel/framework/src/Illuminate/Database/Migrations/Migrator.php(371): Illuminate\Database\Migrations\DatabaseMigrationRepository->repositoryExists()
#9 /home/codio/workspace/menus/vendor/laravel/framework/src/Illuminate/Database/Console/Migrations/MigrateCommand.php(101): Illuminate\Database\Migrations\Migrator->repositoryExists()
#10 /home/codio/workspace/menus/vendor/laravel/framework/src/Illuminate/Database/Console/Migrations/MigrateCommand.php(54): Illuminate\Database\Console\Migrations\MigrateCommand->prepareDatabase()
#11 [internal function]: Illuminate\Database\Console\Migrations\MigrateCommand->fire()
#12 /home/codio/workspace/menus/storage/framework/compiled.php(925): call_user_func_array(Array, Array)
#13 /home/codio/workspace/menus/vendor/laravel/framework/src/Illuminate/Console/Command.php(115): Illuminate\Container\Container->call(Array)
#14 /home/codio/workspace/menus/vendor/symfony/console/Symfony/Component/Console/Command/Command.php(253): Illuminate\Console\Command->execute(Object(Symfony\Component\Console\Input\ArgvInput), Object(Symfony\Component\Console\Output\ConsoleOutput))
#15 /home/codio/workspace/menus/vendor/laravel/framework/src/Illuminate/Console/Command.php(101): Symfony\Component\Console\Command\Command->run(Object(Symfony\Component\Console\Input\ArgvInput), Object(Symfony\Component\Console\Output\ConsoleOutput))
#16 /home/codio/workspace/menus/vendor/symfony/console/Symfony/Component/Console/Application.php(874): Illuminate\Console\Command->run(Object(Symfony\Component\Console\Input\ArgvInput), Object(Symfony\Component\Console\Output\ConsoleOutput))
#17 /home/codio/workspace/menus/vendor/symfony/console/Symfony/Component/Console/Application.php(195): Symfony\Component\Console\Application->doRunCommand(Object(Illuminate\Database\Console\Migrations\MigrateCommand), Object(Symfony\Component\Console\Input\ArgvInput), Object(Symfony\Component\Console\Output\ConsoleOutput))
#18 /home/codio/workspace/menus/vendor/symfony/console/Symfony/Component/Console/Application.php(126): Symfony\Component\Console\Application->doRun(Object(Symfony\Component\Console\Input\ArgvInput), Object(Symfony\Component\Console\Output\ConsoleOutput))
#19 /home/codio/workspace/menus/vendor/laravel/framework/src/Illuminate/Foundation/Console/Kernel.php(90): Symfony\Component\Console\Application->run(Object(Symfony\Component\Console\Input\ArgvInput), Object(Symfony\Component\Console\Output\ConsoleOutput))
#20 /home/codio/workspace/menus/artisan(36): Illuminate\Foundation\Console\Kernel->handle(Object(Symfony\Component\Console\Input\ArgvInput), Object(Symfony\Component\Console\Output\ConsoleOutput))
#21 {main}  
[2015-03-10 21:55:26] local.ERROR: exception 'Symfony\Component\Debug\Exception\FatalErrorException' with message 'Class '' not found' in /home/codio/workspace/menus/vendor/laravel/framework/src/Illuminate/Database/Migrations/Migrator.php:301
Stack trace:
#0 /home/codio/workspace/menus/storage/framework/compiled.php(1738): Illuminate\Foundation\Bootstrap\HandleExceptions->fatalExceptionFromError(Array)
#1 [internal function]: Illuminate\Foundation\Bootstrap\HandleExceptions->handleShutdown()
#2 {main}  
[2015-03-10 21:55:54] local.ERROR: exception 'Symfony\Component\Debug\Exception\FatalErrorException' with message 'Class '' not found' in /home/codio/workspace/menus/vendor/laravel/framework/src/Illuminate/Database/Migrations/Migrator.php:301
Stack trace:
#0 /home/codio/workspace/menus/storage/framework/compiled.php(1738): Illuminate\Foundation\Bootstrap\HandleExceptions->fatalExceptionFromError(Array)
#1 [internal function]: Illuminate\Foundation\Bootstrap\HandleExceptions->handleShutdown()
#2 {main}  
[2015-03-10 21:59:22] local.ERROR: exception 'Symfony\Component\Debug\Exception\FatalErrorException' with message 'Cannot redeclare class CreateUsersTable' in /home/codio/workspace/menus/database/migrations/2015_03_10_215725_crear_tabla_usuarios.php:39
Stack trace:
#0 /home/codio/workspace/menus/storage/framework/compiled.php(1738): Illuminate\Foundation\Bootstrap\HandleExceptions->fatalExceptionFromError(Array)
#1 [internal function]: Illuminate\Foundation\Bootstrap\HandleExceptions->handleShutdown()
#2 {main}  
[2015-03-10 22:04:26] local.ERROR: exception 'PDOException' with message 'SQLSTATE[42S02]: Base table or view not found: 1051 Unknown table 'menus.users'' in /home/codio/workspace/menus/vendor/laravel/framework/src/Illuminate/Database/Connection.php:358
Stack trace:
#0 /home/codio/workspace/menus/vendor/laravel/framework/src/Illuminate/Database/Connection.php(358): PDOStatement->execute(Array)
#1 /home/codio/workspace/menus/vendor/laravel/framework/src/Illuminate/Database/Connection.php(612): Illuminate\Database\Connection->Illuminate\Database\{closure}(Object(Illuminate\Database\MySqlConnection), 'drop table `use...', Array)
#2 /home/codio/workspace/menus/vendor/laravel/framework/src/Illuminate/Database/Connection.php(576): Illuminate\Database\Connection->runQueryCallback('drop table `use...', Array, Object(Closure))
#3 /home/codio/workspace/menus/vendor/laravel/framework/src/Illuminate/Database/Connection.php(359): Illuminate\Database\Connection->run('drop table `use...', Array, Object(Closure))
#4 /home/codio/workspace/menus/vendor/laravel/framework/src/Illuminate/Database/Schema/Blueprint.php(63): Illuminate\Database\Connection->statement('drop table `use...')
#5 /home/codio/workspace/menus/vendor/laravel/framework/src/Illuminate/Database/Schema/Builder.php(169): Illuminate\Database\Schema\Blueprint->build(Object(Illuminate\Database\MySqlConnection), Object(Illuminate\Database\Schema\Grammars\MySqlGrammar))
#6 /home/codio/workspace/menus/vendor/laravel/framework/src/Illuminate/Database/Schema/Builder.php(127): Illuminate\Database\Schema\Builder->build(Object(Illuminate\Database\Schema\Blueprint))
#7 /home/codio/workspace/menus/storage/framework/compiled.php(5301): Illuminate\Database\Schema\Builder->drop('users')
#8 /home/codio/workspace/menus/database/migrations/2015_03_10_215725_crear_tabla_usuarios.php(37): Illuminate\Support\Facades\Facade::__callStatic('drop', Array)
#9 /home/codio/workspace/menus/database/migrations/2015_03_10_215725_crear_tabla_usuarios.php(37): Illuminate\Support\Facades\Schema::drop('users')
#10 /home/codio/workspace/menus/vendor/laravel/framework/src/Illuminate/Database/Migrations/Migrator.php(199): CrearTablaUsuarios->down()
#11 /home/codio/workspace/menus/vendor/laravel/framework/src/Illuminate/Database/Migrations/Migrator.php(172): Illuminate\Database\Migrations\Migrator->runDown(Object(stdClass), false)
#12 /home/codio/workspace/menus/vendor/laravel/framework/src/Illuminate/Database/Console/Migrations/ResetCommand.php(61): Illuminate\Database\Migrations\Migrator->rollback(false)
#13 [internal function]: Illuminate\Database\Console\Migrations\ResetCommand->fire()
#14 /home/codio/workspace/menus/storage/framework/compiled.php(925): call_user_func_array(Array, Array)
#15 /home/codio/workspace/menus/vendor/laravel/framework/src/Illuminate/Console/Command.php(115): Illuminate\Container\Container->call(Array)
#16 /home/codio/workspace/menus/vendor/symfony/console/Symfony/Component/Console/Command/Command.php(253): Illuminate\Console\Command->execute(Object(Symfony\Component\Console\Input\ArrayInput), Object(Symfony\Component\Console\Output\ConsoleOutput))
#17 /home/codio/workspace/menus/vendor/laravel/framework/src/Illuminate/Console/Command.php(101): Symfony\Component\Console\Command\Command->run(Object(Symfony\Component\Console\Input\ArrayInput), Object(Symfony\Component\Console\Output\ConsoleOutput))
#18 /home/codio/workspace/menus/vendor/laravel/framework/src/Illuminate/Console/Command.php(131): Illuminate\Console\Command->run(Object(Symfony\Component\Console\Input\ArrayInput), Object(Symfony\Component\Console\Output\ConsoleOutput))
#19 /home/codio/workspace/menus/vendor/laravel/framework/src/Illuminate/Database/Console/Migrations/RefreshCommand.php(40): Illuminate\Console\Command->call('migrate:reset', Array)
#20 [internal function]: Illuminate\Database\Console\Migrations\RefreshCommand->fire()
#21 /home/codio/workspace/menus/storage/framework/compiled.php(925): call_user_func_array(Array, Array)
#22 /home/codio/workspace/menus/vendor/laravel/framework/src/Illuminate/Console/Command.php(115): Illuminate\Container\Container->call(Array)
#23 /home/codio/workspace/menus/vendor/symfony/console/Symfony/Component/Console/Command/Command.php(253): Illuminate\Console\Command->execute(Object(Symfony\Component\Console\Input\ArgvInput), Object(Symfony\Component\Console\Output\ConsoleOutput))
#24 /home/codio/workspace/menus/vendor/laravel/framework/src/Illuminate/Console/Command.php(101): Symfony\Component\Console\Command\Command->run(Object(Symfony\Component\Console\Input\ArgvInput), Object(Symfony\Component\Console\Output\ConsoleOutput))
#25 /home/codio/workspace/menus/vendor/symfony/console/Symfony/Component/Console/Application.php(874): Illuminate\Console\Command->run(Object(Symfony\Component\Console\Input\ArgvInput), Object(Symfony\Component\Console\Output\ConsoleOutput))
#26 /home/codio/workspace/menus/vendor/symfony/console/Symfony/Component/Console/Application.php(195): Symfony\Component\Console\Application->doRunCommand(Object(Illuminate\Database\Console\Migrations\RefreshCommand), Object(Symfony\Component\Console\Input\ArgvInput), Object(Symfony\Component\Console\Output\ConsoleOutput))
#27 /home/codio/workspace/menus/vendor/symfony/console/Symfony/Component/Console/Application.php(126): Symfony\Component\Console\Application->doRun(Object(Symfony\Component\Console\Input\ArgvInput), Object(Symfony\Component\Console\Output\ConsoleOutput))
#28 /home/codio/workspace/menus/vendor/laravel/framework/src/Illuminate/Foundation/Console/Kernel.php(90): Symfony\Component\Console\Application->run(Object(Symfony\Component\Console\Input\ArgvInput), Object(Symfony\Component\Console\Output\ConsoleOutput))
#29 /home/codio/workspace/menus/artisan(36): Illuminate\Foundation\Console\Kernel->handle(Object(Symfony\Component\Console\Input\ArgvInput), Object(Symfony\Component\Console\Output\ConsoleOutput))
#30 {main}

Next exception 'Illuminate\Database\QueryException' with message 'SQLSTATE[42S02]: Base table or view not found: 1051 Unknown table 'menus.users' (SQL: drop table `users`)' in /home/codio/workspace/menus/vendor/laravel/framework/src/Illuminate/Database/Connection.php:620
Stack trace:
#0 /home/codio/workspace/menus/vendor/laravel/framework/src/Illuminate/Database/Connection.php(576): Illuminate\Database\Connection->runQueryCallback('drop table `use...', Array, Object(Closure))
#1 /home/codio/workspace/menus/vendor/laravel/framework/src/Illuminate/Database/Connection.php(359): Illuminate\Database\Connection->run('drop table `use...', Array, Object(Closure))
#2 /home/codio/workspace/menus/vendor/laravel/framework/src/Illuminate/Database/Schema/Blueprint.php(63): Illuminate\Database\Connection->statement('drop table `use...')
#3 /home/codio/workspace/menus/vendor/laravel/framework/src/Illuminate/Database/Schema/Builder.php(169): Illuminate\Database\Schema\Blueprint->build(Object(Illuminate\Database\MySqlConnection), Object(Illuminate\Database\Schema\Grammars\MySqlGrammar))
#4 /home/codio/workspace/menus/vendor/laravel/framework/src/Illuminate/Database/Schema/Builder.php(127): Illuminate\Database\Schema\Builder->build(Object(Illuminate\Database\Schema\Blueprint))
#5 /home/codio/workspace/menus/storage/framework/compiled.php(5301): Illuminate\Database\Schema\Builder->drop('users')
#6 /home/codio/workspace/menus/database/migrations/2015_03_10_215725_crear_tabla_usuarios.php(37): Illuminate\Support\Facades\Facade::__callStatic('drop', Array)
#7 /home/codio/workspace/menus/database/migrations/2015_03_10_215725_crear_tabla_usuarios.php(37): Illuminate\Support\Facades\Schema::drop('users')
#8 /home/codio/workspace/menus/vendor/laravel/framework/src/Illuminate/Database/Migrations/Migrator.php(199): CrearTablaUsuarios->down()
#9 /home/codio/workspace/menus/vendor/laravel/framework/src/Illuminate/Database/Migrations/Migrator.php(172): Illuminate\Database\Migrations\Migrator->runDown(Object(stdClass), false)
#10 /home/codio/workspace/menus/vendor/laravel/framework/src/Illuminate/Database/Console/Migrations/ResetCommand.php(61): Illuminate\Database\Migrations\Migrator->rollback(false)
#11 [internal function]: Illuminate\Database\Console\Migrations\ResetCommand->fire()
#12 /home/codio/workspace/menus/storage/framework/compiled.php(925): call_user_func_array(Array, Array)
#13 /home/codio/workspace/menus/vendor/laravel/framework/src/Illuminate/Console/Command.php(115): Illuminate\Container\Container->call(Array)
#14 /home/codio/workspace/menus/vendor/symfony/console/Symfony/Component/Console/Command/Command.php(253): Illuminate\Console\Command->execute(Object(Symfony\Component\Console\Input\ArrayInput), Object(Symfony\Component\Console\Output\ConsoleOutput))
#15 /home/codio/workspace/menus/vendor/laravel/framework/src/Illuminate/Console/Command.php(101): Symfony\Component\Console\Command\Command->run(Object(Symfony\Component\Console\Input\ArrayInput), Object(Symfony\Component\Console\Output\ConsoleOutput))
#16 /home/codio/workspace/menus/vendor/laravel/framework/src/Illuminate/Console/Command.php(131): Illuminate\Console\Command->run(Object(Symfony\Component\Console\Input\ArrayInput), Object(Symfony\Component\Console\Output\ConsoleOutput))
#17 /home/codio/workspace/menus/vendor/laravel/framework/src/Illuminate/Database/Console/Migrations/RefreshCommand.php(40): Illuminate\Console\Command->call('migrate:reset', Array)
#18 [internal function]: Illuminate\Database\Console\Migrations\RefreshCommand->fire()
#19 /home/codio/workspace/menus/storage/framework/compiled.php(925): call_user_func_array(Array, Array)
#20 /home/codio/workspace/menus/vendor/laravel/framework/src/Illuminate/Console/Command.php(115): Illuminate\Container\Container->call(Array)
#21 /home/codio/workspace/menus/vendor/symfony/console/Symfony/Component/Console/Command/Command.php(253): Illuminate\Console\Command->execute(Object(Symfony\Component\Console\Input\ArgvInput), Object(Symfony\Component\Console\Output\ConsoleOutput))
#22 /home/codio/workspace/menus/vendor/laravel/framework/src/Illuminate/Console/Command.php(101): Symfony\Component\Console\Command\Command->run(Object(Symfony\Component\Console\Input\ArgvInput), Object(Symfony\Component\Console\Output\ConsoleOutput))
#23 /home/codio/workspace/menus/vendor/symfony/console/Symfony/Component/Console/Application.php(874): Illuminate\Console\Command->run(Object(Symfony\Component\Console\Input\ArgvInput), Object(Symfony\Component\Console\Output\ConsoleOutput))
#24 /home/codio/workspace/menus/vendor/symfony/console/Symfony/Component/Console/Application.php(195): Symfony\Component\Console\Application->doRunCommand(Object(Illuminate\Database\Console\Migrations\RefreshCommand), Object(Symfony\Component\Console\Input\ArgvInput), Object(Symfony\Component\Console\Output\ConsoleOutput))
#25 /home/codio/workspace/menus/vendor/symfony/console/Symfony/Component/Console/Application.php(126): Symfony\Component\Console\Application->doRun(Object(Symfony\Component\Console\Input\ArgvInput), Object(Symfony\Component\Console\Output\ConsoleOutput))
#26 /home/codio/workspace/menus/vendor/laravel/framework/src/Illuminate/Foundation/Console/Kernel.php(90): Symfony\Component\Console\Application->run(Object(Symfony\Component\Console\Input\ArgvInput), Object(Symfony\Component\Console\Output\ConsoleOutput))
#27 /home/codio/workspace/menus/artisan(36): Illuminate\Foundation\Console\Kernel->handle(Object(Symfony\Component\Console\Input\ArgvInput), Object(Symfony\Component\Console\Output\ConsoleOutput))
#28 {main}  
[2015-03-10 22:06:04] local.ERROR: exception 'PDOException' with message 'SQLSTATE[42S02]: Base table or view not found: 1051 Unknown table 'menus.users'' in /home/codio/workspace/menus/vendor/laravel/framework/src/Illuminate/Database/Connection.php:358
Stack trace:
#0 /home/codio/workspace/menus/vendor/laravel/framework/src/Illuminate/Database/Connection.php(358): PDOStatement->execute(Array)
#1 /home/codio/workspace/menus/vendor/laravel/framework/src/Illuminate/Database/Connection.php(612): Illuminate\Database\Connection->Illuminate\Database\{closure}(Object(Illuminate\Database\MySqlConnection), 'drop table `use...', Array)
#2 /home/codio/workspace/menus/vendor/laravel/framework/src/Illuminate/Database/Connection.php(576): Illuminate\Database\Connection->runQueryCallback('drop table `use...', Array, Object(Closure))
#3 /home/codio/workspace/menus/vendor/laravel/framework/src/Illuminate/Database/Connection.php(359): Illuminate\Database\Connection->run('drop table `use...', Array, Object(Closure))
#4 /home/codio/workspace/menus/vendor/laravel/framework/src/Illuminate/Database/Schema/Blueprint.php(63): Illuminate\Database\Connection->statement('drop table `use...')
#5 /home/codio/workspace/menus/vendor/laravel/framework/src/Illuminate/Database/Schema/Builder.php(169): Illuminate\Database\Schema\Blueprint->build(Object(Illuminate\Database\MySqlConnection), Object(Illuminate\Database\Schema\Grammars\MySqlGrammar))
#6 /home/codio/workspace/menus/vendor/laravel/framework/src/Illuminate/Database/Schema/Builder.php(127): Illuminate\Database\Schema\Builder->build(Object(Illuminate\Database\Schema\Blueprint))
#7 /home/codio/workspace/menus/storage/framework/compiled.php(5301): Illuminate\Database\Schema\Builder->drop('users')
#8 /home/codio/workspace/menus/database/migrations/2015_03_10_215725_crear_tabla_usuarios.php(37): Illuminate\Support\Facades\Facade::__callStatic('drop', Array)
#9 /home/codio/workspace/menus/database/migrations/2015_03_10_215725_crear_tabla_usuarios.php(37): Illuminate\Support\Facades\Schema::drop('users')
#10 /home/codio/workspace/menus/vendor/laravel/framework/src/Illuminate/Database/Migrations/Migrator.php(199): CrearTablaUsuarios->down()
#11 /home/codio/workspace/menus/vendor/laravel/framework/src/Illuminate/Database/Migrations/Migrator.php(172): Illuminate\Database\Migrations\Migrator->runDown(Object(stdClass), false)
#12 /home/codio/workspace/menus/vendor/laravel/framework/src/Illuminate/Database/Console/Migrations/ResetCommand.php(61): Illuminate\Database\Migrations\Migrator->rollback(false)
#13 [internal function]: Illuminate\Database\Console\Migrations\ResetCommand->fire()
#14 /home/codio/workspace/menus/storage/framework/compiled.php(925): call_user_func_array(Array, Array)
#15 /home/codio/workspace/menus/vendor/laravel/framework/src/Illuminate/Console/Command.php(115): Illuminate\Container\Container->call(Array)
#16 /home/codio/workspace/menus/vendor/symfony/console/Symfony/Component/Console/Command/Command.php(253): Illuminate\Console\Command->execute(Object(Symfony\Component\Console\Input\ArrayInput), Object(Symfony\Component\Console\Output\ConsoleOutput))
#17 /home/codio/workspace/menus/vendor/laravel/framework/src/Illuminate/Console/Command.php(101): Symfony\Component\Console\Command\Command->run(Object(Symfony\Component\Console\Input\ArrayInput), Object(Symfony\Component\Console\Output\ConsoleOutput))
#18 /home/codio/workspace/menus/vendor/laravel/framework/src/Illuminate/Console/Command.php(131): Illuminate\Console\Command->run(Object(Symfony\Component\Console\Input\ArrayInput), Object(Symfony\Component\Console\Output\ConsoleOutput))
#19 /home/codio/workspace/menus/vendor/laravel/framework/src/Illuminate/Database/Console/Migrations/RefreshCommand.php(40): Illuminate\Console\Command->call('migrate:reset', Array)
#20 [internal function]: Illuminate\Database\Console\Migrations\RefreshCommand->fire()
#21 /home/codio/workspace/menus/storage/framework/compiled.php(925): call_user_func_array(Array, Array)
#22 /home/codio/workspace/menus/vendor/laravel/framework/src/Illuminate/Console/Command.php(115): Illuminate\Container\Container->call(Array)
#23 /home/codio/workspace/menus/vendor/symfony/console/Symfony/Component/Console/Command/Command.php(253): Illuminate\Console\Command->execute(Object(Symfony\Component\Console\Input\ArgvInput), Object(Symfony\Component\Console\Output\ConsoleOutput))
#24 /home/codio/workspace/menus/vendor/laravel/framework/src/Illuminate/Console/Command.php(101): Symfony\Component\Console\Command\Command->run(Object(Symfony\Component\Console\Input\ArgvInput), Object(Symfony\Component\Console\Output\ConsoleOutput))
#25 /home/codio/workspace/menus/vendor/symfony/console/Symfony/Component/Console/Application.php(874): Illuminate\Console\Command->run(Object(Symfony\Component\Console\Input\ArgvInput), Object(Symfony\Component\Console\Output\ConsoleOutput))
#26 /home/codio/workspace/menus/vendor/symfony/console/Symfony/Component/Console/Application.php(195): Symfony\Component\Console\Application->doRunCommand(Object(Illuminate\Database\Console\Migrations\RefreshCommand), Object(Symfony\Component\Console\Input\ArgvInput), Object(Symfony\Component\Console\Output\ConsoleOutput))
#27 /home/codio/workspace/menus/vendor/symfony/console/Symfony/Component/Console/Application.php(126): Symfony\Component\Console\Application->doRun(Object(Symfony\Component\Console\Input\ArgvInput), Object(Symfony\Component\Console\Output\ConsoleOutput))
#28 /home/codio/workspace/menus/vendor/laravel/framework/src/Illuminate/Foundation/Console/Kernel.php(90): Symfony\Component\Console\Application->run(Object(Symfony\Component\Console\Input\ArgvInput), Object(Symfony\Component\Console\Output\ConsoleOutput))
#29 /home/codio/workspace/menus/artisan(36): Illuminate\Foundation\Console\Kernel->handle(Object(Symfony\Component\Console\Input\ArgvInput), Object(Symfony\Component\Console\Output\ConsoleOutput))
#30 {main}

Next exception 'Illuminate\Database\QueryException' with message 'SQLSTATE[42S02]: Base table or view not found: 1051 Unknown table 'menus.users' (SQL: drop table `users`)' in /home/codio/workspace/menus/vendor/laravel/framework/src/Illuminate/Database/Connection.php:620
Stack trace:
#0 /home/codio/workspace/menus/vendor/laravel/framework/src/Illuminate/Database/Connection.php(576): Illuminate\Database\Connection->runQueryCallback('drop table `use...', Array, Object(Closure))
#1 /home/codio/workspace/menus/vendor/laravel/framework/src/Illuminate/Database/Connection.php(359): Illuminate\Database\Connection->run('drop table `use...', Array, Object(Closure))
#2 /home/codio/workspace/menus/vendor/laravel/framework/src/Illuminate/Database/Schema/Blueprint.php(63): Illuminate\Database\Connection->statement('drop table `use...')
#3 /home/codio/workspace/menus/vendor/laravel/framework/src/Illuminate/Database/Schema/Builder.php(169): Illuminate\Database\Schema\Blueprint->build(Object(Illuminate\Database\MySqlConnection), Object(Illuminate\Database\Schema\Grammars\MySqlGrammar))
#4 /home/codio/workspace/menus/vendor/laravel/framework/src/Illuminate/Database/Schema/Builder.php(127): Illuminate\Database\Schema\Builder->build(Object(Illuminate\Database\Schema\Blueprint))
#5 /home/codio/workspace/menus/storage/framework/compiled.php(5301): Illuminate\Database\Schema\Builder->drop('users')
#6 /home/codio/workspace/menus/database/migrations/2015_03_10_215725_crear_tabla_usuarios.php(37): Illuminate\Support\Facades\Facade::__callStatic('drop', Array)
#7 /home/codio/workspace/menus/database/migrations/2015_03_10_215725_crear_tabla_usuarios.php(37): Illuminate\Support\Facades\Schema::drop('users')
#8 /home/codio/workspace/menus/vendor/laravel/framework/src/Illuminate/Database/Migrations/Migrator.php(199): CrearTablaUsuarios->down()
#9 /home/codio/workspace/menus/vendor/laravel/framework/src/Illuminate/Database/Migrations/Migrator.php(172): Illuminate\Database\Migrations\Migrator->runDown(Object(stdClass), false)
#10 /home/codio/workspace/menus/vendor/laravel/framework/src/Illuminate/Database/Console/Migrations/ResetCommand.php(61): Illuminate\Database\Migrations\Migrator->rollback(false)
#11 [internal function]: Illuminate\Database\Console\Migrations\ResetCommand->fire()
#12 /home/codio/workspace/menus/storage/framework/compiled.php(925): call_user_func_array(Array, Array)
#13 /home/codio/workspace/menus/vendor/laravel/framework/src/Illuminate/Console/Command.php(115): Illuminate\Container\Container->call(Array)
#14 /home/codio/workspace/menus/vendor/symfony/console/Symfony/Component/Console/Command/Command.php(253): Illuminate\Console\Command->execute(Object(Symfony\Component\Console\Input\ArrayInput), Object(Symfony\Component\Console\Output\ConsoleOutput))
#15 /home/codio/workspace/menus/vendor/laravel/framework/src/Illuminate/Console/Command.php(101): Symfony\Component\Console\Command\Command->run(Object(Symfony\Component\Console\Input\ArrayInput), Object(Symfony\Component\Console\Output\ConsoleOutput))
#16 /home/codio/workspace/menus/vendor/laravel/framework/src/Illuminate/Console/Command.php(131): Illuminate\Console\Command->run(Object(Symfony\Component\Console\Input\ArrayInput), Object(Symfony\Component\Console\Output\ConsoleOutput))
#17 /home/codio/workspace/menus/vendor/laravel/framework/src/Illuminate/Database/Console/Migrations/RefreshCommand.php(40): Illuminate\Console\Command->call('migrate:reset', Array)
#18 [internal function]: Illuminate\Database\Console\Migrations\RefreshCommand->fire()
#19 /home/codio/workspace/menus/storage/framework/compiled.php(925): call_user_func_array(Array, Array)
#20 /home/codio/workspace/menus/vendor/laravel/framework/src/Illuminate/Console/Command.php(115): Illuminate\Container\Container->call(Array)
#21 /home/codio/workspace/menus/vendor/symfony/console/Symfony/Component/Console/Command/Command.php(253): Illuminate\Console\Command->execute(Object(Symfony\Component\Console\Input\ArgvInput), Object(Symfony\Component\Console\Output\ConsoleOutput))
#22 /home/codio/workspace/menus/vendor/laravel/framework/src/Illuminate/Console/Command.php(101): Symfony\Component\Console\Command\Command->run(Object(Symfony\Component\Console\Input\ArgvInput), Object(Symfony\Component\Console\Output\ConsoleOutput))
#23 /home/codio/workspace/menus/vendor/symfony/console/Symfony/Component/Console/Application.php(874): Illuminate\Console\Command->run(Object(Symfony\Component\Console\Input\ArgvInput), Object(Symfony\Component\Console\Output\ConsoleOutput))
#24 /home/codio/workspace/menus/vendor/symfony/console/Symfony/Component/Console/Application.php(195): Symfony\Component\Console\Application->doRunCommand(Object(Illuminate\Database\Console\Migrations\RefreshCommand), Object(Symfony\Component\Console\Input\ArgvInput), Object(Symfony\Component\Console\Output\ConsoleOutput))
#25 /home/codio/workspace/menus/vendor/symfony/console/Symfony/Component/Console/Application.php(126): Symfony\Component\Console\Application->doRun(Object(Symfony\Component\Console\Input\ArgvInput), Object(Symfony\Component\Console\Output\ConsoleOutput))
#26 /home/codio/workspace/menus/vendor/laravel/framework/src/Illuminate/Foundation/Console/Kernel.php(90): Symfony\Component\Console\Application->run(Object(Symfony\Component\Console\Input\ArgvInput), Object(Symfony\Component\Console\Output\ConsoleOutput))
#27 /home/codio/workspace/menus/artisan(36): Illuminate\Foundation\Console\Kernel->handle(Object(Symfony\Component\Console\Input\ArgvInput), Object(Symfony\Component\Console\Output\ConsoleOutput))
#28 {main}  
[2015-03-10 22:27:27] local.ERROR: exception 'PDOException' with message 'SQLSTATE[42S02]: Base table or view not found: 1146 Table 'menus.users' doesn't exist' in /home/codio/workspace/menus/vendor/laravel/framework/src/Illuminate/Database/Connection.php:288
Stack trace:
#0 /home/codio/workspace/menus/vendor/laravel/framework/src/Illuminate/Database/Connection.php(288): PDO->prepare('select * from `...')
#1 /home/codio/workspace/menus/vendor/laravel/framework/src/Illuminate/Database/Connection.php(612): Illuminate\Database\Connection->Illuminate\Database\{closure}(Object(Illuminate\Database\MySqlConnection), 'select * from `...', Array)
#2 /home/codio/workspace/menus/vendor/laravel/framework/src/Illuminate/Database/Connection.php(576): Illuminate\Database\Connection->runQueryCallback('select * from `...', Array, Object(Closure))
#3 /home/codio/workspace/menus/vendor/laravel/framework/src/Illuminate/Database/Connection.php(293): Illuminate\Database\Connection->run('select * from `...', Array, Object(Closure))
#4 /home/codio/workspace/menus/vendor/laravel/framework/src/Illuminate/Database/Query/Builder.php(1377): Illuminate\Database\Connection->select('select * from `...', Array, true)
#5 /home/codio/workspace/menus/vendor/laravel/framework/src/Illuminate/Database/Query/Builder.php(1367): Illuminate\Database\Query\Builder->runSelect()
#6 /home/codio/workspace/menus/vendor/laravel/framework/src/Illuminate/Database/Query/Builder.php(1354): Illuminate\Database\Query\Builder->getFresh(Array)
#7 /home/codio/workspace/menus/vendor/laravel/framework/src/Illuminate/Database/Eloquent/Builder.php(380): Illuminate\Database\Query\Builder->get(Array)
#8 /home/codio/workspace/menus/vendor/laravel/framework/src/Illuminate/Database/Eloquent/Builder.php(162): Illuminate\Database\Eloquent\Builder->getModels(Array)
#9 /home/codio/workspace/menus/vendor/laravel/framework/src/Illuminate/Database/Eloquent/Builder.php(136): Illuminate\Database\Eloquent\Builder->get(Array)
#10 /home/codio/workspace/menus/storage/framework/compiled.php(724): Illuminate\Database\Eloquent\Builder->first()
#11 /home/codio/workspace/menus/storage/framework/compiled.php(514): Illuminate\Auth\EloquentUserProvider->retrieveByCredentials(Array)
#12 /home/codio/workspace/menus/storage/framework/compiled.php(1985): Illuminate\Auth\Guard->attempt(Array, false)
#13 [internal function]: App\Http\Controllers\Auth\AuthController->postLogin(Object(Illuminate\Http\Request))
#14 /home/codio/workspace/menus/storage/framework/compiled.php(8287): call_user_func_array(Array, Array)
#15 /home/codio/workspace/menus/storage/framework/compiled.php(8354): Illuminate\Routing\Controller->callAction('postLogin', Array)
#16 /home/codio/workspace/menus/storage/framework/compiled.php(8333): Illuminate\Routing\ControllerDispatcher->call(Object(App\Http\Controllers\Auth\AuthController), Object(Illuminate\Routing\Route), 'postLogin')
#17 [internal function]: Illuminate\Routing\ControllerDispatcher->Illuminate\Routing\{closure}(Object(Illuminate\Http\Request))
#18 /home/codio/workspace/menus/storage/framework/compiled.php(8952): call_user_func(Object(Closure), Object(Illuminate\Http\Request))
#19 /home/codio/workspace/menus/app/Http/Middleware/RedirectIfAuthenticated.php(41): Illuminate\Pipeline\Pipeline->Illuminate\Pipeline\{closure}(Object(Illuminate\Http\Request))
#20 /home/codio/workspace/menus/storage/framework/compiled.php(8944): App\Http\Middleware\RedirectIfAuthenticated->handle(Object(Illuminate\Http\Request), Object(Closure))
#21 [internal function]: Illuminate\Pipeline\Pipeline->Illuminate\Pipeline\{closure}(Object(Illuminate\Http\Request))
#22 /home/codio/workspace/menus/storage/framework/compiled.php(8935): call_user_func(Object(Closure), Object(Illuminate\Http\Request))
#23 /home/codio/workspace/menus/storage/framework/compiled.php(8334): Illuminate\Pipeline\Pipeline->then(Object(Closure))
#24 /home/codio/workspace/menus/storage/framework/compiled.php(8320): Illuminate\Routing\ControllerDispatcher->callWithinStack(Object(App\Http\Controllers\Auth\AuthController), Object(Illuminate\Routing\Route), Object(Illuminate\Http\Request), 'postLogin')
#25 /home/codio/workspace/menus/storage/framework/compiled.php(7317): Illuminate\Routing\ControllerDispatcher->dispatch(Object(Illuminate\Routing\Route), Object(Illuminate\Http\Request), 'App\\Http\\Contro...', 'postLogin')
#26 /home/codio/workspace/menus/storage/framework/compiled.php(7288): Illuminate\Routing\Route->runWithCustomDispatcher(Object(Illuminate\Http\Request))
#27 /home/codio/workspace/menus/storage/framework/compiled.php(6954): Illuminate\Routing\Route->run(Object(Illuminate\Http\Request))
#28 [internal function]: Illuminate\Routing\Router->Illuminate\Routing\{closure}(Object(Illuminate\Http\Request))
#29 /home/codio/workspace/menus/storage/framework/compiled.php(8952): call_user_func(Object(Closure), Object(Illuminate\Http\Request))
#30 [internal function]: Illuminate\Pipeline\Pipeline->Illuminate\Pipeline\{closure}(Object(Illuminate\Http\Request))
#31 /home/codio/workspace/menus/storage/framework/compiled.php(8935): call_user_func(Object(Closure), Object(Illuminate\Http\Request))
#32 /home/codio/workspace/menus/storage/framework/compiled.php(6955): Illuminate\Pipeline\Pipeline->then(Object(Closure))
#33 /home/codio/workspace/menus/storage/framework/compiled.php(6944): Illuminate\Routing\Router->runRouteWithinStack(Object(Illuminate\Routing\Route), Object(Illuminate\Http\Request))
#34 /home/codio/workspace/menus/storage/framework/compiled.php(6929): Illuminate\Routing\Router->dispatchToRoute(Object(Illuminate\Http\Request))
#35 /home/codio/workspace/menus/storage/framework/compiled.php(1935): Illuminate\Routing\Router->dispatch(Object(Illuminate\Http\Request))
#36 [internal function]: Illuminate\Foundation\Http\Kernel->Illuminate\Foundation\Http\{closure}(Object(Illuminate\Http\Request))
#37 /home/codio/workspace/menus/storage/framework/compiled.php(8952): call_user_func(Object(Closure), Object(Illuminate\Http\Request))
#38 /home/codio/workspace/menus/storage/framework/compiled.php(2438): Illuminate\Pipeline\Pipeline->Illuminate\Pipeline\{closure}(Object(Illuminate\Http\Request))
#39 /home/codio/workspace/menus/app/Http/Middleware/VerifyCsrfToken.php(17): Illuminate\Foundation\Http\Middleware\VerifyCsrfToken->handle(Object(Illuminate\Http\Request), Object(Closure))
#40 /home/codio/workspace/menus/storage/framework/compiled.php(8944): App\Http\Middleware\VerifyCsrfToken->handle(Object(Illuminate\Http\Request), Object(Closure))
#41 /home/codio/workspace/menus/storage/framework/compiled.php(12083): Illuminate\Pipeline\Pipeline->Illuminate\Pipeline\{closure}(Object(Illuminate\Http\Request))
#42 /home/codio/workspace/menus/storage/framework/compiled.php(8944): Illuminate\View\Middleware\ShareErrorsFromSession->handle(Object(Illuminate\Http\Request), Object(Closure))
#43 /home/codio/workspace/menus/storage/framework/compiled.php(10785): Illuminate\Pipeline\Pipeline->Illuminate\Pipeline\{closure}(Object(Illuminate\Http\Request))
#44 /home/codio/workspace/menus/storage/framework/compiled.php(8944): Illuminate\Session\Middleware\StartSession->handle(Object(Illuminate\Http\Request), Object(Closure))
#45 /home/codio/workspace/menus/storage/framework/compiled.php(11789): Illuminate\Pipeline\Pipeline->Illuminate\Pipeline\{closure}(Object(Illuminate\Http\Request))
#46 /home/codio/workspace/menus/storage/framework/compiled.php(8944): Illuminate\Cookie\Middleware\AddQueuedCookiesToResponse->handle(Object(Illuminate\Http\Request), Object(Closure))
#47 /home/codio/workspace/menus/storage/framework/compiled.php(11738): Illuminate\Pipeline\Pipeline->Illuminate\Pipeline\{closure}(Object(Illuminate\Http\Request))
#48 /home/codio/workspace/menus/storage/framework/compiled.php(8944): Illuminate\Cookie\Middleware\EncryptCookies->handle(Object(Illuminate\Http\Request), Object(Closure))
#49 /home/codio/workspace/menus/storage/framework/compiled.php(2478): Illuminate\Pipeline\Pipeline->Illuminate\Pipeline\{closure}(Object(Illuminate\Http\Request))
#50 /home/codio/workspace/menus/storage/framework/compiled.php(8944): Illuminate\Foundation\Http\Middleware\CheckForMaintenanceMode->handle(Object(Illuminate\Http\Request), Object(Closure))
#51 [internal function]: Illuminate\Pipeline\Pipeline->Illuminate\Pipeline\{closure}(Object(Illuminate\Http\Request))
#52 /home/codio/workspace/menus/storage/framework/compiled.php(8935): call_user_func(Object(Closure), Object(Illuminate\Http\Request))
#53 /home/codio/workspace/menus/storage/framework/compiled.php(1891): Illuminate\Pipeline\Pipeline->then(Object(Closure))
#54 /home/codio/workspace/menus/storage/framework/compiled.php(1880): Illuminate\Foundation\Http\Kernel->sendRequestThroughRouter(Object(Illuminate\Http\Request))
#55 /home/codio/workspace/menus/public/index.php(53): Illuminate\Foundation\Http\Kernel->handle(Object(Illuminate\Http\Request))
#56 {main}

Next exception 'Illuminate\Database\QueryException' with message 'SQLSTATE[42S02]: Base table or view not found: 1146 Table 'menus.users' doesn't exist (SQL: select * from `users` where `email` = prueba@prueba.com limit 1)' in /home/codio/workspace/menus/vendor/laravel/framework/src/Illuminate/Database/Connection.php:620
Stack trace:
#0 /home/codio/workspace/menus/vendor/laravel/framework/src/Illuminate/Database/Connection.php(576): Illuminate\Database\Connection->runQueryCallback('select * from `...', Array, Object(Closure))
#1 /home/codio/workspace/menus/vendor/laravel/framework/src/Illuminate/Database/Connection.php(293): Illuminate\Database\Connection->run('select * from `...', Array, Object(Closure))
#2 /home/codio/workspace/menus/vendor/laravel/framework/src/Illuminate/Database/Query/Builder.php(1377): Illuminate\Database\Connection->select('select * from `...', Array, true)
#3 /home/codio/workspace/menus/vendor/laravel/framework/src/Illuminate/Database/Query/Builder.php(1367): Illuminate\Database\Query\Builder->runSelect()
#4 /home/codio/workspace/menus/vendor/laravel/framework/src/Illuminate/Database/Query/Builder.php(1354): Illuminate\Database\Query\Builder->getFresh(Array)
#5 /home/codio/workspace/menus/vendor/laravel/framework/src/Illuminate/Database/Eloquent/Builder.php(380): Illuminate\Database\Query\Builder->get(Array)
#6 /home/codio/workspace/menus/vendor/laravel/framework/src/Illuminate/Database/Eloquent/Builder.php(162): Illuminate\Database\Eloquent\Builder->getModels(Array)
#7 /home/codio/workspace/menus/vendor/laravel/framework/src/Illuminate/Database/Eloquent/Builder.php(136): Illuminate\Database\Eloquent\Builder->get(Array)
#8 /home/codio/workspace/menus/storage/framework/compiled.php(724): Illuminate\Database\Eloquent\Builder->first()
#9 /home/codio/workspace/menus/storage/framework/compiled.php(514): Illuminate\Auth\EloquentUserProvider->retrieveByCredentials(Array)
#10 /home/codio/workspace/menus/storage/framework/compiled.php(1985): Illuminate\Auth\Guard->attempt(Array, false)
#11 [internal function]: App\Http\Controllers\Auth\AuthController->postLogin(Object(Illuminate\Http\Request))
#12 /home/codio/workspace/menus/storage/framework/compiled.php(8287): call_user_func_array(Array, Array)
#13 /home/codio/workspace/menus/storage/framework/compiled.php(8354): Illuminate\Routing\Controller->callAction('postLogin', Array)
#14 /home/codio/workspace/menus/storage/framework/compiled.php(8333): Illuminate\Routing\ControllerDispatcher->call(Object(App\Http\Controllers\Auth\AuthController), Object(Illuminate\Routing\Route), 'postLogin')
#15 [internal function]: Illuminate\Routing\ControllerDispatcher->Illuminate\Routing\{closure}(Object(Illuminate\Http\Request))
#16 /home/codio/workspace/menus/storage/framework/compiled.php(8952): call_user_func(Object(Closure), Object(Illuminate\Http\Request))
#17 /home/codio/workspace/menus/app/Http/Middleware/RedirectIfAuthenticated.php(41): Illuminate\Pipeline\Pipeline->Illuminate\Pipeline\{closure}(Object(Illuminate\Http\Request))
#18 /home/codio/workspace/menus/storage/framework/compiled.php(8944): App\Http\Middleware\RedirectIfAuthenticated->handle(Object(Illuminate\Http\Request), Object(Closure))
#19 [internal function]: Illuminate\Pipeline\Pipeline->Illuminate\Pipeline\{closure}(Object(Illuminate\Http\Request))
#20 /home/codio/workspace/menus/storage/framework/compiled.php(8935): call_user_func(Object(Closure), Object(Illuminate\Http\Request))
#21 /home/codio/workspace/menus/storage/framework/compiled.php(8334): Illuminate\Pipeline\Pipeline->then(Object(Closure))
#22 /home/codio/workspace/menus/storage/framework/compiled.php(8320): Illuminate\Routing\ControllerDispatcher->callWithinStack(Object(App\Http\Controllers\Auth\AuthController), Object(Illuminate\Routing\Route), Object(Illuminate\Http\Request), 'postLogin')
#23 /home/codio/workspace/menus/storage/framework/compiled.php(7317): Illuminate\Routing\ControllerDispatcher->dispatch(Object(Illuminate\Routing\Route), Object(Illuminate\Http\Request), 'App\\Http\\Contro...', 'postLogin')
#24 /home/codio/workspace/menus/storage/framework/compiled.php(7288): Illuminate\Routing\Route->runWithCustomDispatcher(Object(Illuminate\Http\Request))
#25 /home/codio/workspace/menus/storage/framework/compiled.php(6954): Illuminate\Routing\Route->run(Object(Illuminate\Http\Request))
#26 [internal function]: Illuminate\Routing\Router->Illuminate\Routing\{closure}(Object(Illuminate\Http\Request))
#27 /home/codio/workspace/menus/storage/framework/compiled.php(8952): call_user_func(Object(Closure), Object(Illuminate\Http\Request))
#28 [internal function]: Illuminate\Pipeline\Pipeline->Illuminate\Pipeline\{closure}(Object(Illuminate\Http\Request))
#29 /home/codio/workspace/menus/storage/framework/compiled.php(8935): call_user_func(Object(Closure), Object(Illuminate\Http\Request))
#30 /home/codio/workspace/menus/storage/framework/compiled.php(6955): Illuminate\Pipeline\Pipeline->then(Object(Closure))
#31 /home/codio/workspace/menus/storage/framework/compiled.php(6944): Illuminate\Routing\Router->runRouteWithinStack(Object(Illuminate\Routing\Route), Object(Illuminate\Http\Request))
#32 /home/codio/workspace/menus/storage/framework/compiled.php(6929): Illuminate\Routing\Router->dispatchToRoute(Object(Illuminate\Http\Request))
#33 /home/codio/workspace/menus/storage/framework/compiled.php(1935): Illuminate\Routing\Router->dispatch(Object(Illuminate\Http\Request))
#34 [internal function]: Illuminate\Foundation\Http\Kernel->Illuminate\Foundation\Http\{closure}(Object(Illuminate\Http\Request))
#35 /home/codio/workspace/menus/storage/framework/compiled.php(8952): call_user_func(Object(Closure), Object(Illuminate\Http\Request))
#36 /home/codio/workspace/menus/storage/framework/compiled.php(2438): Illuminate\Pipeline\Pipeline->Illuminate\Pipeline\{closure}(Object(Illuminate\Http\Request))
#37 /home/codio/workspace/menus/app/Http/Middleware/VerifyCsrfToken.php(17): Illuminate\Foundation\Http\Middleware\VerifyCsrfToken->handle(Object(Illuminate\Http\Request), Object(Closure))
#38 /home/codio/workspace/menus/storage/framework/compiled.php(8944): App\Http\Middleware\VerifyCsrfToken->handle(Object(Illuminate\Http\Request), Object(Closure))
#39 /home/codio/workspace/menus/storage/framework/compiled.php(12083): Illuminate\Pipeline\Pipeline->Illuminate\Pipeline\{closure}(Object(Illuminate\Http\Request))
#40 /home/codio/workspace/menus/storage/framework/compiled.php(8944): Illuminate\View\Middleware\ShareErrorsFromSession->handle(Object(Illuminate\Http\Request), Object(Closure))
#41 /home/codio/workspace/menus/storage/framework/compiled.php(10785): Illuminate\Pipeline\Pipeline->Illuminate\Pipeline\{closure}(Object(Illuminate\Http\Request))
#42 /home/codio/workspace/menus/storage/framework/compiled.php(8944): Illuminate\Session\Middleware\StartSession->handle(Object(Illuminate\Http\Request), Object(Closure))
#43 /home/codio/workspace/menus/storage/framework/compiled.php(11789): Illuminate\Pipeline\Pipeline->Illuminate\Pipeline\{closure}(Object(Illuminate\Http\Request))
#44 /home/codio/workspace/menus/storage/framework/compiled.php(8944): Illuminate\Cookie\Middleware\AddQueuedCookiesToResponse->handle(Object(Illuminate\Http\Request), Object(Closure))
#45 /home/codio/workspace/menus/storage/framework/compiled.php(11738): Illuminate\Pipeline\Pipeline->Illuminate\Pipeline\{closure}(Object(Illuminate\Http\Request))
#46 /home/codio/workspace/menus/storage/framework/compiled.php(8944): Illuminate\Cookie\Middleware\EncryptCookies->handle(Object(Illuminate\Http\Request), Object(Closure))
#47 /home/codio/workspace/menus/storage/framework/compiled.php(2478): Illuminate\Pipeline\Pipeline->Illuminate\Pipeline\{closure}(Object(Illuminate\Http\Request))
#48 /home/codio/workspace/menus/storage/framework/compiled.php(8944): Illuminate\Foundation\Http\Middleware\CheckForMaintenanceMode->handle(Object(Illuminate\Http\Request), Object(Closure))
#49 [internal function]: Illuminate\Pipeline\Pipeline->Illuminate\Pipeline\{closure}(Object(Illuminate\Http\Request))
#50 /home/codio/workspace/menus/storage/framework/compiled.php(8935): call_user_func(Object(Closure), Object(Illuminate\Http\Request))
#51 /home/codio/workspace/menus/storage/framework/compiled.php(1891): Illuminate\Pipeline\Pipeline->then(Object(Closure))
#52 /home/codio/workspace/menus/storage/framework/compiled.php(1880): Illuminate\Foundation\Http\Kernel->sendRequestThroughRouter(Object(Illuminate\Http\Request))
#53 /home/codio/workspace/menus/public/index.php(53): Illuminate\Foundation\Http\Kernel->handle(Object(Illuminate\Http\Request))
#54 {main}  
[2015-03-10 23:48:09] local.ERROR: exception 'PDOException' with message 'SQLSTATE[42S02]: Base table or view not found: 1146 Table 'menus.users' doesn't exist' in /home/codio/workspace/menus/vendor/laravel/framework/src/Illuminate/Database/Connection.php:288
Stack trace:
#0 /home/codio/workspace/menus/vendor/laravel/framework/src/Illuminate/Database/Connection.php(288): PDO->prepare('select count(*)...')
#1 /home/codio/workspace/menus/vendor/laravel/framework/src/Illuminate/Database/Connection.php(612): Illuminate\Database\Connection->Illuminate\Database\{closure}(Object(Illuminate\Database\MySqlConnection), 'select count(*)...', Array)
#2 /home/codio/workspace/menus/vendor/laravel/framework/src/Illuminate/Database/Connection.php(576): Illuminate\Database\Connection->runQueryCallback('select count(*)...', Array, Object(Closure))
#3 /home/codio/workspace/menus/vendor/laravel/framework/src/Illuminate/Database/Connection.php(293): Illuminate\Database\Connection->run('select count(*)...', Array, Object(Closure))
#4 /home/codio/workspace/menus/vendor/laravel/framework/src/Illuminate/Database/Query/Builder.php(1377): Illuminate\Database\Connection->select('select count(*)...', Array, true)
#5 /home/codio/workspace/menus/vendor/laravel/framework/src/Illuminate/Database/Query/Builder.php(1367): Illuminate\Database\Query\Builder->runSelect()
#6 /home/codio/workspace/menus/vendor/laravel/framework/src/Illuminate/Database/Query/Builder.php(1354): Illuminate\Database\Query\Builder->getFresh(Array)
#7 /home/codio/workspace/menus/vendor/laravel/framework/src/Illuminate/Database/Query/Builder.php(1636): Illuminate\Database\Query\Builder->get(Array)
#8 /home/codio/workspace/menus/vendor/laravel/framework/src/Illuminate/Database/Query/Builder.php(1574): Illuminate\Database\Query\Builder->aggregate('count', Array)
#9 /home/codio/workspace/menus/vendor/laravel/framework/src/Illuminate/Validation/DatabasePresenceVerifier.php(57): Illuminate\Database\Query\Builder->count()
#10 /home/codio/workspace/menus/vendor/laravel/framework/src/Illuminate/Validation/Validator.php(1050): Illuminate\Validation\DatabasePresenceVerifier->getCount('users', 'email', 'alvaro1988@hotm...', NULL, NULL, Array)
#11 /home/codio/workspace/menus/vendor/laravel/framework/src/Illuminate/Validation/Validator.php(365): Illuminate\Validation\Validator->validateUnique('email', 'alvaro1988@hotm...', Array, Object(Illuminate\Validation\Validator))
#12 /home/codio/workspace/menus/vendor/laravel/framework/src/Illuminate/Validation/Validator.php(318): Illuminate\Validation\Validator->validate('email', 'unique:users')
#13 /home/codio/workspace/menus/vendor/laravel/framework/src/Illuminate/Validation/Validator.php(340): Illuminate\Validation\Validator->passes()
#14 /home/codio/workspace/menus/storage/framework/compiled.php(1971): Illuminate\Validation\Validator->fails()
#15 [internal function]: App\Http\Controllers\Auth\AuthController->postRegister(Object(Illuminate\Http\Request))
#16 /home/codio/workspace/menus/storage/framework/compiled.php(8287): call_user_func_array(Array, Array)
#17 /home/codio/workspace/menus/storage/framework/compiled.php(8354): Illuminate\Routing\Controller->callAction('postRegister', Array)
#18 /home/codio/workspace/menus/storage/framework/compiled.php(8333): Illuminate\Routing\ControllerDispatcher->call(Object(App\Http\Controllers\Auth\AuthController), Object(Illuminate\Routing\Route), 'postRegister')
#19 [internal function]: Illuminate\Routing\ControllerDispatcher->Illuminate\Routing\{closure}(Object(Illuminate\Http\Request))
#20 /home/codio/workspace/menus/storage/framework/compiled.php(8952): call_user_func(Object(Closure), Object(Illuminate\Http\Request))
#21 /home/codio/workspace/menus/app/Http/Middleware/RedirectIfAuthenticated.php(41): Illuminate\Pipeline\Pipeline->Illuminate\Pipeline\{closure}(Object(Illuminate\Http\Request))
#22 /home/codio/workspace/menus/storage/framework/compiled.php(8944): App\Http\Middleware\RedirectIfAuthenticated->handle(Object(Illuminate\Http\Request), Object(Closure))
#23 [internal function]: Illuminate\Pipeline\Pipeline->Illuminate\Pipeline\{closure}(Object(Illuminate\Http\Request))
#24 /home/codio/workspace/menus/storage/framework/compiled.php(8935): call_user_func(Object(Closure), Object(Illuminate\Http\Request))
#25 /home/codio/workspace/menus/storage/framework/compiled.php(8334): Illuminate\Pipeline\Pipeline->then(Object(Closure))
#26 /home/codio/workspace/menus/storage/framework/compiled.php(8320): Illuminate\Routing\ControllerDispatcher->callWithinStack(Object(App\Http\Controllers\Auth\AuthController), Object(Illuminate\Routing\Route), Object(Illuminate\Http\Request), 'postRegister')
#27 /home/codio/workspace/menus/storage/framework/compiled.php(7317): Illuminate\Routing\ControllerDispatcher->dispatch(Object(Illuminate\Routing\Route), Object(Illuminate\Http\Request), 'App\\Http\\Contro...', 'postRegister')
#28 /home/codio/workspace/menus/storage/framework/compiled.php(7288): Illuminate\Routing\Route->runWithCustomDispatcher(Object(Illuminate\Http\Request))
#29 /home/codio/workspace/menus/storage/framework/compiled.php(6954): Illuminate\Routing\Route->run(Object(Illuminate\Http\Request))
#30 [internal function]: Illuminate\Routing\Router->Illuminate\Routing\{closure}(Object(Illuminate\Http\Request))
#31 /home/codio/workspace/menus/storage/framework/compiled.php(8952): call_user_func(Object(Closure), Object(Illuminate\Http\Request))
#32 [internal function]: Illuminate\Pipeline\Pipeline->Illuminate\Pipeline\{closure}(Object(Illuminate\Http\Request))
#33 /home/codio/workspace/menus/storage/framework/compiled.php(8935): call_user_func(Object(Closure), Object(Illuminate\Http\Request))
#34 /home/codio/workspace/menus/storage/framework/compiled.php(6955): Illuminate\Pipeline\Pipeline->then(Object(Closure))
#35 /home/codio/workspace/menus/storage/framework/compiled.php(6944): Illuminate\Routing\Router->runRouteWithinStack(Object(Illuminate\Routing\Route), Object(Illuminate\Http\Request))
#36 /home/codio/workspace/menus/storage/framework/compiled.php(6929): Illuminate\Routing\Router->dispatchToRoute(Object(Illuminate\Http\Request))
#37 /home/codio/workspace/menus/storage/framework/compiled.php(1935): Illuminate\Routing\Router->dispatch(Object(Illuminate\Http\Request))
#38 [internal function]: Illuminate\Foundation\Http\Kernel->Illuminate\Foundation\Http\{closure}(Object(Illuminate\Http\Request))
#39 /home/codio/workspace/menus/storage/framework/compiled.php(8952): call_user_func(Object(Closure), Object(Illuminate\Http\Request))
#40 /home/codio/workspace/menus/storage/framework/compiled.php(2438): Illuminate\Pipeline\Pipeline->Illuminate\Pipeline\{closure}(Object(Illuminate\Http\Request))
#41 /home/codio/workspace/menus/app/Http/Middleware/VerifyCsrfToken.php(17): Illuminate\Foundation\Http\Middleware\VerifyCsrfToken->handle(Object(Illuminate\Http\Request), Object(Closure))
#42 /home/codio/workspace/menus/storage/framework/compiled.php(8944): App\Http\Middleware\VerifyCsrfToken->handle(Object(Illuminate\Http\Request), Object(Closure))
#43 /home/codio/workspace/menus/storage/framework/compiled.php(12083): Illuminate\Pipeline\Pipeline->Illuminate\Pipeline\{closure}(Object(Illuminate\Http\Request))
#44 /home/codio/workspace/menus/storage/framework/compiled.php(8944): Illuminate\View\Middleware\ShareErrorsFromSession->handle(Object(Illuminate\Http\Request), Object(Closure))
#45 /home/codio/workspace/menus/storage/framework/compiled.php(10785): Illuminate\Pipeline\Pipeline->Illuminate\Pipeline\{closure}(Object(Illuminate\Http\Request))
#46 /home/codio/workspace/menus/storage/framework/compiled.php(8944): Illuminate\Session\Middleware\StartSession->handle(Object(Illuminate\Http\Request), Object(Closure))
#47 /home/codio/workspace/menus/storage/framework/compiled.php(11789): Illuminate\Pipeline\Pipeline->Illuminate\Pipeline\{closure}(Object(Illuminate\Http\Request))
#48 /home/codio/workspace/menus/storage/framework/compiled.php(8944): Illuminate\Cookie\Middleware\AddQueuedCookiesToResponse->handle(Object(Illuminate\Http\Request), Object(Closure))
#49 /home/codio/workspace/menus/storage/framework/compiled.php(11738): Illuminate\Pipeline\Pipeline->Illuminate\Pipeline\{closure}(Object(Illuminate\Http\Request))
#50 /home/codio/workspace/menus/storage/framework/compiled.php(8944): Illuminate\Cookie\Middleware\EncryptCookies->handle(Object(Illuminate\Http\Request), Object(Closure))
#51 /home/codio/workspace/menus/storage/framework/compiled.php(2478): Illuminate\Pipeline\Pipeline->Illuminate\Pipeline\{closure}(Object(Illuminate\Http\Request))
#52 /home/codio/workspace/menus/storage/framework/compiled.php(8944): Illuminate\Foundation\Http\Middleware\CheckForMaintenanceMode->handle(Object(Illuminate\Http\Request), Object(Closure))
#53 [internal function]: Illuminate\Pipeline\Pipeline->Illuminate\Pipeline\{closure}(Object(Illuminate\Http\Request))
#54 /home/codio/workspace/menus/storage/framework/compiled.php(8935): call_user_func(Object(Closure), Object(Illuminate\Http\Request))
#55 /home/codio/workspace/menus/storage/framework/compiled.php(1891): Illuminate\Pipeline\Pipeline->then(Object(Closure))
#56 /home/codio/workspace/menus/storage/framework/compiled.php(1880): Illuminate\Foundation\Http\Kernel->sendRequestThroughRouter(Object(Illuminate\Http\Request))
#57 /home/codio/workspace/menus/public/index.php(53): Illuminate\Foundation\Http\Kernel->handle(Object(Illuminate\Http\Request))
#58 {main}

Next exception 'Illuminate\Database\QueryException' with message 'SQLSTATE[42S02]: Base table or view not found: 1146 Table 'menus.users' doesn't exist (SQL: select count(*) as aggregate from `users` where `email` = alvaro1988@hotmail.com)' in /home/codio/workspace/menus/vendor/laravel/framework/src/Illuminate/Database/Connection.php:620
Stack trace:
#0 /home/codio/workspace/menus/vendor/laravel/framework/src/Illuminate/Database/Connection.php(576): Illuminate\Database\Connection->runQueryCallback('select count(*)...', Array, Object(Closure))
#1 /home/codio/workspace/menus/vendor/laravel/framework/src/Illuminate/Database/Connection.php(293): Illuminate\Database\Connection->run('select count(*)...', Array, Object(Closure))
#2 /home/codio/workspace/menus/vendor/laravel/framework/src/Illuminate/Database/Query/Builder.php(1377): Illuminate\Database\Connection->select('select count(*)...', Array, true)
#3 /home/codio/workspace/menus/vendor/laravel/framework/src/Illuminate/Database/Query/Builder.php(1367): Illuminate\Database\Query\Builder->runSelect()
#4 /home/codio/workspace/menus/vendor/laravel/framework/src/Illuminate/Database/Query/Builder.php(1354): Illuminate\Database\Query\Builder->getFresh(Array)
#5 /home/codio/workspace/menus/vendor/laravel/framework/src/Illuminate/Database/Query/Builder.php(1636): Illuminate\Database\Query\Builder->get(Array)
#6 /home/codio/workspace/menus/vendor/laravel/framework/src/Illuminate/Database/Query/Builder.php(1574): Illuminate\Database\Query\Builder->aggregate('count', Array)
#7 /home/codio/workspace/menus/vendor/laravel/framework/src/Illuminate/Validation/DatabasePresenceVerifier.php(57): Illuminate\Database\Query\Builder->count()
#8 /home/codio/workspace/menus/vendor/laravel/framework/src/Illuminate/Validation/Validator.php(1050): Illuminate\Validation\DatabasePresenceVerifier->getCount('users', 'email', 'alvaro1988@hotm...', NULL, NULL, Array)
#9 /home/codio/workspace/menus/vendor/laravel/framework/src/Illuminate/Validation/Validator.php(365): Illuminate\Validation\Validator->validateUnique('email', 'alvaro1988@hotm...', Array, Object(Illuminate\Validation\Validator))
#10 /home/codio/workspace/menus/vendor/laravel/framework/src/Illuminate/Validation/Validator.php(318): Illuminate\Validation\Validator->validate('email', 'unique:users')
#11 /home/codio/workspace/menus/vendor/laravel/framework/src/Illuminate/Validation/Validator.php(340): Illuminate\Validation\Validator->passes()
#12 /home/codio/workspace/menus/storage/framework/compiled.php(1971): Illuminate\Validation\Validator->fails()
#13 [internal function]: App\Http\Controllers\Auth\AuthController->postRegister(Object(Illuminate\Http\Request))
#14 /home/codio/workspace/menus/storage/framework/compiled.php(8287): call_user_func_array(Array, Array)
#15 /home/codio/workspace/menus/storage/framework/compiled.php(8354): Illuminate\Routing\Controller->callAction('postRegister', Array)
#16 /home/codio/workspace/menus/storage/framework/compiled.php(8333): Illuminate\Routing\ControllerDispatcher->call(Object(App\Http\Controllers\Auth\AuthController), Object(Illuminate\Routing\Route), 'postRegister')
#17 [internal function]: Illuminate\Routing\ControllerDispatcher->Illuminate\Routing\{closure}(Object(Illuminate\Http\Request))
#18 /home/codio/workspace/menus/storage/framework/compiled.php(8952): call_user_func(Object(Closure), Object(Illuminate\Http\Request))
#19 /home/codio/workspace/menus/app/Http/Middleware/RedirectIfAuthenticated.php(41): Illuminate\Pipeline\Pipeline->Illuminate\Pipeline\{closure}(Object(Illuminate\Http\Request))
#20 /home/codio/workspace/menus/storage/framework/compiled.php(8944): App\Http\Middleware\RedirectIfAuthenticated->handle(Object(Illuminate\Http\Request), Object(Closure))
#21 [internal function]: Illuminate\Pipeline\Pipeline->Illuminate\Pipeline\{closure}(Object(Illuminate\Http\Request))
#22 /home/codio/workspace/menus/storage/framework/compiled.php(8935): call_user_func(Object(Closure), Object(Illuminate\Http\Request))
#23 /home/codio/workspace/menus/storage/framework/compiled.php(8334): Illuminate\Pipeline\Pipeline->then(Object(Closure))
#24 /home/codio/workspace/menus/storage/framework/compiled.php(8320): Illuminate\Routing\ControllerDispatcher->callWithinStack(Object(App\Http\Controllers\Auth\AuthController), Object(Illuminate\Routing\Route), Object(Illuminate\Http\Request), 'postRegister')
#25 /home/codio/workspace/menus/storage/framework/compiled.php(7317): Illuminate\Routing\ControllerDispatcher->dispatch(Object(Illuminate\Routing\Route), Object(Illuminate\Http\Request), 'App\\Http\\Contro...', 'postRegister')
#26 /home/codio/workspace/menus/storage/framework/compiled.php(7288): Illuminate\Routing\Route->runWithCustomDispatcher(Object(Illuminate\Http\Request))
#27 /home/codio/workspace/menus/storage/framework/compiled.php(6954): Illuminate\Routing\Route->run(Object(Illuminate\Http\Request))
#28 [internal function]: Illuminate\Routing\Router->Illuminate\Routing\{closure}(Object(Illuminate\Http\Request))
#29 /home/codio/workspace/menus/storage/framework/compiled.php(8952): call_user_func(Object(Closure), Object(Illuminate\Http\Request))
#30 [internal function]: Illuminate\Pipeline\Pipeline->Illuminate\Pipeline\{closure}(Object(Illuminate\Http\Request))
#31 /home/codio/workspace/menus/storage/framework/compiled.php(8935): call_user_func(Object(Closure), Object(Illuminate\Http\Request))
#32 /home/codio/workspace/menus/storage/framework/compiled.php(6955): Illuminate\Pipeline\Pipeline->then(Object(Closure))
#33 /home/codio/workspace/menus/storage/framework/compiled.php(6944): Illuminate\Routing\Router->runRouteWithinStack(Object(Illuminate\Routing\Route), Object(Illuminate\Http\Request))
#34 /home/codio/workspace/menus/storage/framework/compiled.php(6929): Illuminate\Routing\Router->dispatchToRoute(Object(Illuminate\Http\Request))
#35 /home/codio/workspace/menus/storage/framework/compiled.php(1935): Illuminate\Routing\Router->dispatch(Object(Illuminate\Http\Request))
#36 [internal function]: Illuminate\Foundation\Http\Kernel->Illuminate\Foundation\Http\{closure}(Object(Illuminate\Http\Request))
#37 /home/codio/workspace/menus/storage/framework/compiled.php(8952): call_user_func(Object(Closure), Object(Illuminate\Http\Request))
#38 /home/codio/workspace/menus/storage/framework/compiled.php(2438): Illuminate\Pipeline\Pipeline->Illuminate\Pipeline\{closure}(Object(Illuminate\Http\Request))
#39 /home/codio/workspace/menus/app/Http/Middleware/VerifyCsrfToken.php(17): Illuminate\Foundation\Http\Middleware\VerifyCsrfToken->handle(Object(Illuminate\Http\Request), Object(Closure))
#40 /home/codio/workspace/menus/storage/framework/compiled.php(8944): App\Http\Middleware\VerifyCsrfToken->handle(Object(Illuminate\Http\Request), Object(Closure))
#41 /home/codio/workspace/menus/storage/framework/compiled.php(12083): Illuminate\Pipeline\Pipeline->Illuminate\Pipeline\{closure}(Object(Illuminate\Http\Request))
#42 /home/codio/workspace/menus/storage/framework/compiled.php(8944): Illuminate\View\Middleware\ShareErrorsFromSession->handle(Object(Illuminate\Http\Request), Object(Closure))
#43 /home/codio/workspace/menus/storage/framework/compiled.php(10785): Illuminate\Pipeline\Pipeline->Illuminate\Pipeline\{closure}(Object(Illuminate\Http\Request))
#44 /home/codio/workspace/menus/storage/framework/compiled.php(8944): Illuminate\Session\Middleware\StartSession->handle(Object(Illuminate\Http\Request), Object(Closure))
#45 /home/codio/workspace/menus/storage/framework/compiled.php(11789): Illuminate\Pipeline\Pipeline->Illuminate\Pipeline\{closure}(Object(Illuminate\Http\Request))
#46 /home/codio/workspace/menus/storage/framework/compiled.php(8944): Illuminate\Cookie\Middleware\AddQueuedCookiesToResponse->handle(Object(Illuminate\Http\Request), Object(Closure))
#47 /home/codio/workspace/menus/storage/framework/compiled.php(11738): Illuminate\Pipeline\Pipeline->Illuminate\Pipeline\{closure}(Object(Illuminate\Http\Request))
#48 /home/codio/workspace/menus/storage/framework/compiled.php(8944): Illuminate\Cookie\Middleware\EncryptCookies->handle(Object(Illuminate\Http\Request), Object(Closure))
#49 /home/codio/workspace/menus/storage/framework/compiled.php(2478): Illuminate\Pipeline\Pipeline->Illuminate\Pipeline\{closure}(Object(Illuminate\Http\Request))
#50 /home/codio/workspace/menus/storage/framework/compiled.php(8944): Illuminate\Foundation\Http\Middleware\CheckForMaintenanceMode->handle(Object(Illuminate\Http\Request), Object(Closure))
#51 [internal function]: Illuminate\Pipeline\Pipeline->Illuminate\Pipeline\{closure}(Object(Illuminate\Http\Request))
#52 /home/codio/workspace/menus/storage/framework/compiled.php(8935): call_user_func(Object(Closure), Object(Illuminate\Http\Request))
#53 /home/codio/workspace/menus/storage/framework/compiled.php(1891): Illuminate\Pipeline\Pipeline->then(Object(Closure))
#54 /home/codio/workspace/menus/storage/framework/compiled.php(1880): Illuminate\Foundation\Http\Kernel->sendRequestThroughRouter(Object(Illuminate\Http\Request))
#55 /home/codio/workspace/menus/public/index.php(53): Illuminate\Foundation\Http\Kernel->handle(Object(Illuminate\Http\Request))
#56 {main}  
